[2025-12-16 07:53:04.003] [jointLog] [info] setting maxHashResizeThreads to 8
[2025-12-16 07:53:04.003] [jointLog] [info] Fragment incompatibility prior below threshold.  Incompatible fragments will be ignored.
[2025-12-16 07:53:04.004] [jointLog] [info] Usage of --validateMappings implies use of minScoreFraction. Since not explicitly specified, it is being set to 0.65
[2025-12-16 07:53:04.004] [jointLog] [info] Setting consensusSlack to selective-alignment default of 0.35.
[2025-12-16 07:53:04.004] [jointLog] [info] parsing read library format
[2025-12-16 07:53:04.005] [jointLog] [info] There is 1 library.
[2025-12-16 07:53:04.007] [jointLog] [info] Loading pufferfish index
[2025-12-16 07:53:04.008] [jointLog] [info] Loading dense pufferfish index.
[2025-12-16 07:53:04.176] [jointLog] [info] done
[2025-12-16 07:53:04.301] [jointLog] [info] Index contained 751 targets
[2025-12-16 07:53:04.301] [jointLog] [info] Number of decoys : 0
[2025-12-16 07:53:04.452] [jointLog] [info] Computed 594 rich equivalence classes for further processing
[2025-12-16 07:53:04.452] [jointLog] [info] Counted 1,320 total reads in the equivalence classes 
[2025-12-16 07:53:04.455] [jointLog] [info] Number of mappings discarded because of alignment score : 52
[2025-12-16 07:53:04.455] [jointLog] [info] Number of fragments entirely discarded because of alignment score : 0
[2025-12-16 07:53:04.455] [jointLog] [info] Number of fragments discarded because they are best-mapped to decoys : 0
[2025-12-16 07:53:04.455] [jointLog] [info] Number of fragments discarded because they have only dovetail (discordant) mappings to valid targets : 258
[2025-12-16 07:53:04.455] [jointLog] [warning] Only 1320 fragments were mapped, but the number of burn-in fragments was set to 5000000.
The effective lengths have been computed using the observed mappings.

[2025-12-16 07:53:04.455] [jointLog] [info] Mapping rate = 100%

[2025-12-16 07:53:04.455] [jointLog] [info] finished quantifyLibrary()
[2025-12-16 07:53:04.456] [jointLog] [info] Starting optimizer
[2025-12-16 07:53:04.458] [jointLog] [info] Marked 0 weighted equivalence classes as degenerate
[2025-12-16 07:53:04.458] [jointLog] [info] iteration = 0 | max rel diff. = 164.398
[2025-12-16 07:53:04.473] [jointLog] [info] iteration = 100 | max rel diff. = 0.0960065
[2025-12-16 07:53:04.477] [jointLog] [info] iteration = 128 | max rel diff. = 0.00959725
[2025-12-16 07:53:04.477] [jointLog] [info] Finished optimizer
[2025-12-16 07:53:04.477] [jointLog] [info] writing output 

[2025-12-16 07:53:04.479] [jointLog] [warning] NOTE: Read Lib [[ LisaSimpson_R1.fastq.gz, LisaSimpson_R2.fastq.gz]] :

Detected a *potential* strand bias > 1% in an unstranded protocol check the file: Lisa_quant_creado/lib_format_counts.json for details

[2025-12-16 07:53:04.453] [fileLog] [info] 
At end of round 0
==================
Observed 1320 total fragments (1320 in most recent round)

