[2025-12-16 07:54:01.154] [jointLog] [info] setting maxHashResizeThreads to 8
[2025-12-16 07:54:01.154] [jointLog] [info] Fragment incompatibility prior below threshold.  Incompatible fragments will be ignored.
[2025-12-16 07:54:01.154] [jointLog] [info] Usage of --validateMappings implies use of minScoreFraction. Since not explicitly specified, it is being set to 0.65
[2025-12-16 07:54:01.154] [jointLog] [info] Setting consensusSlack to selective-alignment default of 0.35.
[2025-12-16 07:54:01.154] [jointLog] [info] parsing read library format
[2025-12-16 07:54:01.154] [jointLog] [info] There is 1 library.
[2025-12-16 07:54:01.154] [jointLog] [info] Loading pufferfish index
[2025-12-16 07:54:01.154] [jointLog] [info] Loading dense pufferfish index.
[2025-12-16 07:54:01.227] [jointLog] [info] done
[2025-12-16 07:54:01.325] [jointLog] [info] Index contained 751 targets
[2025-12-16 07:54:01.325] [jointLog] [info] Number of decoys : 0
[2025-12-16 07:54:01.463] [jointLog] [info] Computed 580 rich equivalence classes for further processing
[2025-12-16 07:54:01.463] [jointLog] [info] Counted 1,320 total reads in the equivalence classes 
[2025-12-16 07:54:01.466] [jointLog] [info] Number of mappings discarded because of alignment score : 93
[2025-12-16 07:54:01.466] [jointLog] [info] Number of fragments entirely discarded because of alignment score : 0
[2025-12-16 07:54:01.466] [jointLog] [info] Number of fragments discarded because they are best-mapped to decoys : 0
[2025-12-16 07:54:01.466] [jointLog] [info] Number of fragments discarded because they have only dovetail (discordant) mappings to valid targets : 226
[2025-12-16 07:54:01.466] [jointLog] [warning] Only 1320 fragments were mapped, but the number of burn-in fragments was set to 5000000.
The effective lengths have been computed using the observed mappings.

[2025-12-16 07:54:01.466] [jointLog] [info] Mapping rate = 100%

[2025-12-16 07:54:01.466] [jointLog] [info] finished quantifyLibrary()
[2025-12-16 07:54:01.467] [jointLog] [info] Starting optimizer
[2025-12-16 07:54:01.468] [jointLog] [info] Marked 0 weighted equivalence classes as degenerate
[2025-12-16 07:54:01.468] [jointLog] [info] iteration = 0 | max rel diff. = 173.6
[2025-12-16 07:54:01.483] [jointLog] [info] iteration = 100 | max rel diff. = 0.0784858
[2025-12-16 07:54:01.485] [jointLog] [info] iteration = 114 | max rel diff. = 0.00196269
[2025-12-16 07:54:01.485] [jointLog] [info] Finished optimizer
[2025-12-16 07:54:01.485] [jointLog] [info] writing output 

[2025-12-16 07:54:01.487] [jointLog] [warning] NOTE: Read Lib [[ HomerSimpson_R1.fastq.gz, HomerSimpson_R2.fastq.gz]] :

Detected a *potential* strand bias > 1% in an unstranded protocol check the file: Homer_quant_creado/lib_format_counts.json for details

[2025-12-16 07:54:01.463] [fileLog] [info] 
At end of round 0
==================
Observed 1320 total fragments (1320 in most recent round)

